2026-02-08 09:00:23 ALERT: PGConnect: repeated getPgs errors
Error repeated 3 times within window: 
SQLSTATE[42000]: Syntax error or access violation: 1064 You have an error in your SQL syntax; check the manual that corresponds to your MariaDB server version for the right syntax to use near '$statusWhere AND latitude IS NOT NULL AND longitude IS NOT NULL
             ...' at line 4
Check /Applications/XAMPP/xamppfiles/htdocs/PGConnect/backend/getPgs.log

2026-02-08 09:06:07 ALERT: PGConnect: repeated getPgs errors
Error repeated 3 times within window: 
SQLSTATE[42000]: Syntax error or access violation: 1064 You have an error in your SQL syntax; check the manual that corresponds to your MariaDB server version for the right syntax to use near '$statusWhere AND latitude IS NOT NULL AND longitude IS NOT NULL
             ...' at line 4
Check /Applications/XAMPP/xamppfiles/htdocs/PGConnect/backend/getPgs.log

2026-02-08 09:13:51 ALERT: PGConnect: repeated getPgs errors
Error repeated 3 times within window: 
SQLSTATE[42000]: Syntax error or access violation: 1064 You have an error in your SQL syntax; check the manual that corresponds to your MariaDB server version for the right syntax to use near '$statusWhere AND latitude IS NOT NULL AND longitude IS NOT NULL
             ...' at line 4
Check /Applications/XAMPP/xamppfiles/htdocs/PGConnect/backend/getPgs.log

2026-02-08 09:26:00 ALERT: PGConnect: repeated getPgs errors
Error repeated 3 times within window: 
SQLSTATE[42000]: Syntax error or access violation: 1064 You have an error in your SQL syntax; check the manual that corresponds to your MariaDB server version for the right syntax to use near '$statusWhere AND latitude IS NOT NULL AND longitude IS NOT NULL
             ...' at line 4
Check /Applications/XAMPP/xamppfiles/htdocs/PGConnect/backend/getPgs.log

2026-02-08 09:36:25 ALERT: PGConnect: new booking request
New booking request logged.

New booking request: booking_id=2, pg_id=7, user_id=4
Name: Aleena
Phone: 2167865679
Message: 


2026-02-08 09:49:35 ALERT: PGConnect: repeated getPgs errors
Error repeated 3 times within window: 
SQLSTATE[42000]: Syntax error or access violation: 1064 You have an error in your SQL syntax; check the manual that corresponds to your MariaDB server version for the right syntax to use near '$statusWhere AND latitude IS NOT NULL AND longitude IS NOT NULL
             ...' at line 4
Check /Applications/XAMPP/xamppfiles/htdocs/PGConnect/backend/getPgs.log

2026-02-08 09:49:51 ALERT: PGConnect: new booking request
New booking request logged.

New booking request: booking_id=3, pg_id=1078, user_id=4
Name: Aleena
Phone: 123456789
Message: 


2026-02-08 10:04:11 ALERT: PGConnect: repeated getPgs errors
Error repeated 3 times within window: 
SQLSTATE[42000]: Syntax error or access violation: 1064 You have an error in your SQL syntax; check the manual that corresponds to your MariaDB server version for the right syntax to use near '$statusWhere AND latitude IS NOT NULL AND longitude IS NOT NULL
             ...' at line 4
Check /Applications/XAMPP/xamppfiles/htdocs/PGConnect/backend/getPgs.log

2026-02-08 10:38:55 ALERT: PGConnect: repeated getPgs errors
Error repeated 3 times within window: 
SQLSTATE[42000]: Syntax error or access violation: 1064 You have an error in your SQL syntax; check the manual that corresponds to your MariaDB server version for the right syntax to use near '$statusWhere AND latitude IS NOT NULL AND longitude IS NOT NULL
             ...' at line 4
Check /Applications/XAMPP/xamppfiles/htdocs/PGConnect/backend/getPgs.log

