2026-02-08 08:53:21 ERROR: [2] file_put_contents(/Applications/XAMPP/xamppfiles/htdocs/PGConnect/user/../backend/search_debug.log): Failed to open stream: Permission denied in /Applications/XAMPP/xamppfiles/htdocs/PGConnect/user/search.php:8
2026-02-08 08:54:17 ERROR: [2] file_put_contents(/Applications/XAMPP/xamppfiles/htdocs/PGConnect/user/../backend/search_errors.log): Failed to open stream: Permission denied in /Applications/XAMPP/xamppfiles/htdocs/PGConnect/user/search.php:11
2026-02-08 09:02:23 owner-add-pg error: SQLSTATE[01000]: Warning: 1265 Data truncated for column 'sharing_type' at row 1
#0 /Applications/XAMPP/xamppfiles/htdocs/PGConnect/owner/owner-add-pg.php(94): PDOStatement->execute(Array)
#1 {main}
2026-02-08 10:56:20 ERROR: [2] Undefined variable $avgRating in /Applications/XAMPP/xamppfiles/htdocs/PGConnect/user/pg-detail.php:65
2026-02-08 11:03:05 ERROR: [8192] htmlspecialchars(): Passing null to parameter #1 ($string) of type string is deprecated in /Applications/XAMPP/xamppfiles/htdocs/PGConnect/user/pg-detail.php:61
2026-02-08 11:03:14 ERROR: [8192] htmlspecialchars(): Passing null to parameter #1 ($string) of type string is deprecated in /Applications/XAMPP/xamppfiles/htdocs/PGConnect/user/pg-detail.php:61
2026-02-08 11:03:26 ERROR: [2] Undefined variable $avgRating in /Applications/XAMPP/xamppfiles/htdocs/PGConnect/user/pg-detail.php:65
2026-02-08 11:08:41 ERROR: [2] Undefined variable $avgRating in /Applications/XAMPP/xamppfiles/htdocs/PGConnect/user/pg-detail.php:71
2026-02-08 12:52:49 EXCEPTION: SQLSTATE[42000]: Syntax error or access violation: 1064 You have an error in your SQL syntax; check the manual that corresponds to your MariaDB server version for the right syntax to use near '\"owner\"' at line 1 in /Applications/XAMPP/xamppfiles/htdocs/PGConnect/owner/chat.php:36
#0 /Applications/XAMPP/xamppfiles/htdocs/PGConnect/owner/chat.php(36): PDO->prepare('UPDATE messages...')
#1 {main}
2026-02-08 12:53:01 EXCEPTION: SQLSTATE[42000]: Syntax error or access violation: 1064 You have an error in your SQL syntax; check the manual that corresponds to your MariaDB server version for the right syntax to use near '\"owner\"' at line 1 in /Applications/XAMPP/xamppfiles/htdocs/PGConnect/owner/chat.php:36
#0 /Applications/XAMPP/xamppfiles/htdocs/PGConnect/owner/chat.php(36): PDO->prepare('UPDATE messages...')
#1 {main}
2026-02-08 12:53:05 EXCEPTION: SQLSTATE[42000]: Syntax error or access violation: 1064 You have an error in your SQL syntax; check the manual that corresponds to your MariaDB server version for the right syntax to use near '\"owner\"' at line 1 in /Applications/XAMPP/xamppfiles/htdocs/PGConnect/owner/chat.php:36
#0 /Applications/XAMPP/xamppfiles/htdocs/PGConnect/owner/chat.php(36): PDO->prepare('UPDATE messages...')
#1 {main}
2026-02-08 12:53:06 EXCEPTION: SQLSTATE[42000]: Syntax error or access violation: 1064 You have an error in your SQL syntax; check the manual that corresponds to your MariaDB server version for the right syntax to use near '\"owner\"' at line 1 in /Applications/XAMPP/xamppfiles/htdocs/PGConnect/owner/chat.php:36
#0 /Applications/XAMPP/xamppfiles/htdocs/PGConnect/owner/chat.php(36): PDO->prepare('UPDATE messages...')
#1 {main}
2026-02-12 06:34:24 ERROR: [2] Cannot modify header information - headers already sent by (output started at /Applications/XAMPP/xamppfiles/htdocs/PGConnect/includes/header.php:59) in /Applications/XAMPP/xamppfiles/htdocs/PGConnect/owner/chat.php:7
2026-02-12 06:34:28 ERROR: [2] Cannot modify header information - headers already sent by (output started at /Applications/XAMPP/xamppfiles/htdocs/PGConnect/includes/header.php:59) in /Applications/XAMPP/xamppfiles/htdocs/PGConnect/owner/chat.php:7
2026-02-12 06:34:29 ERROR: [2] Cannot modify header information - headers already sent by (output started at /Applications/XAMPP/xamppfiles/htdocs/PGConnect/includes/header.php:59) in /Applications/XAMPP/xamppfiles/htdocs/PGConnect/owner/chat.php:7
2026-02-12 06:34:30 ERROR: [2] Cannot modify header information - headers already sent by (output started at /Applications/XAMPP/xamppfiles/htdocs/PGConnect/includes/header.php:59) in /Applications/XAMPP/xamppfiles/htdocs/PGConnect/owner/chat.php:7
2026-02-12 06:34:40 ERROR: [2] Cannot modify header information - headers already sent by (output started at /Applications/XAMPP/xamppfiles/htdocs/PGConnect/includes/header.php:59) in /Applications/XAMPP/xamppfiles/htdocs/PGConnect/owner/chat.php:7
2026-02-12 06:50:48 ERROR: [2] Cannot modify header information - headers already sent by (output started at /Applications/XAMPP/xamppfiles/htdocs/PGConnect/includes/header.php:59) in /Applications/XAMPP/xamppfiles/htdocs/PGConnect/user/payment.php:47
2026-02-12 07:39:14 ERROR: [2] Cannot modify header information - headers already sent by (output started at /Applications/XAMPP/xamppfiles/htdocs/PGConnect/includes/header.php:59) in /Applications/XAMPP/xamppfiles/htdocs/PGConnect/user/payment.php:79
2026-02-12 09:19:29 ERROR: [2] Cannot modify header information - headers already sent by (output started at /Applications/XAMPP/xamppfiles/htdocs/PGConnect/includes/header.php:62) in /Applications/XAMPP/xamppfiles/htdocs/PGConnect/user/saved-searches.php:29
2026-02-12 09:46:03 ERROR: [2] Cannot modify header information - headers already sent by (output started at /Applications/XAMPP/xamppfiles/htdocs/PGConnect/includes/header.php:62) in /Applications/XAMPP/xamppfiles/htdocs/PGConnect/user/leave-pg.php:46
2026-02-17 05:51:23 EXCEPTION: SQLSTATE[HY093]: Invalid parameter number in /Applications/XAMPP/xamppfiles/htdocs/PGConnect/user/pg-listings.php:107
#0 /Applications/XAMPP/xamppfiles/htdocs/PGConnect/user/pg-listings.php(107): PDOStatement->execute(Array)
#1 {main}
2026-02-17 05:51:27 EXCEPTION: SQLSTATE[HY093]: Invalid parameter number in /Applications/XAMPP/xamppfiles/htdocs/PGConnect/user/pg-listings.php:107
#0 /Applications/XAMPP/xamppfiles/htdocs/PGConnect/user/pg-listings.php(107): PDOStatement->execute(Array)
#1 {main}
2026-03-17 15:38:03 ERROR: [2] Cannot modify header information - headers already sent by (output started at /Applications/XAMPP/xamppfiles/htdocs/PGConnect/includes/header.php:62) in /Applications/XAMPP/xamppfiles/htdocs/PGConnect/user/payment.php:76
2026-03-17 15:41:40 ERROR: [2] Cannot modify header information - headers already sent by (output started at /Applications/XAMPP/xamppfiles/htdocs/PGConnect/includes/header.php:62) in /Applications/XAMPP/xamppfiles/htdocs/PGConnect/user/leave-pg.php:46
2026-03-17 17:58:45 ERROR: [2] Cannot modify header information - headers already sent by (output started at /Applications/XAMPP/xamppfiles/htdocs/PGConnect/includes/header.php:62) in /Applications/XAMPP/xamppfiles/htdocs/PGConnect/owner/tickets.php:23
2026-03-17 17:59:14 ERROR: [2] Undefined array key "user_id" in /Applications/XAMPP/xamppfiles/htdocs/PGConnect/owner/chat.php:54
2026-03-17 17:59:16 ERROR: [2] Undefined array key "user_id" in /Applications/XAMPP/xamppfiles/htdocs/PGConnect/owner/chat.php:54
2026-03-17 17:59:17 ERROR: [2] Undefined array key "user_id" in /Applications/XAMPP/xamppfiles/htdocs/PGConnect/owner/chat.php:54
2026-03-17 17:59:18 ERROR: [2] Undefined array key "user_id" in /Applications/XAMPP/xamppfiles/htdocs/PGConnect/owner/chat.php:54
2026-03-17 17:59:25 ERROR: [2] Undefined array key "user_id" in /Applications/XAMPP/xamppfiles/htdocs/PGConnect/owner/chat.php:54
2026-03-18 03:56:08 ERROR: [2] Undefined array key "user_id" in /Applications/XAMPP/xamppfiles/htdocs/PGConnect/owner/chat.php:54
2026-03-18 04:01:30 ERROR: [2] Cannot modify header information - headers already sent by (output started at /Applications/XAMPP/xamppfiles/htdocs/PGConnect/includes/header.php:62) in /Applications/XAMPP/xamppfiles/htdocs/PGConnect/owner/tickets.php:23
2026-03-22 16:55:59 EXCEPTION: SQLSTATE[HY093]: Invalid parameter number in /Applications/XAMPP/xamppfiles/htdocs/PGConnect/owner/owner-dashboard.php:57
#0 /Applications/XAMPP/xamppfiles/htdocs/PGConnect/owner/owner-dashboard.php(57): PDOStatement->execute(Array)
#1 {main}
2026-03-22 17:05:50 ERROR: [2] Cannot modify header information - headers already sent by (output started at /Applications/XAMPP/xamppfiles/htdocs/PGConnect/includes/header.php:62) in /Applications/XAMPP/xamppfiles/htdocs/PGConnect/owner/owner-reviews.php:20
2026-03-22 17:05:59 ERROR: [2] Cannot modify header information - headers already sent by (output started at /Applications/XAMPP/xamppfiles/htdocs/PGConnect/includes/header.php:62) in /Applications/XAMPP/xamppfiles/htdocs/PGConnect/owner/owner-reviews.php:20
2026-03-22 17:08:11 ERROR: [2] Cannot modify header information - headers already sent by (output started at /Applications/XAMPP/xamppfiles/htdocs/PGConnect/includes/header.php:62) in /Applications/XAMPP/xamppfiles/htdocs/PGConnect/owner/owner-reviews.php:20
2026-03-23 04:31:53 ERROR: [2] Undefined array key "user_name" in /Applications/XAMPP/xamppfiles/htdocs/PGConnect/owner/chat.php:210
2026-03-23 04:31:58 ERROR: [2] Undefined array key "user_name" in /Applications/XAMPP/xamppfiles/htdocs/PGConnect/owner/chat.php:210
2026-03-23 04:31:59 ERROR: [2] Undefined array key "user_name" in /Applications/XAMPP/xamppfiles/htdocs/PGConnect/owner/chat.php:210
2026-03-23 04:32:00 ERROR: [2] Undefined array key "user_name" in /Applications/XAMPP/xamppfiles/htdocs/PGConnect/owner/chat.php:210
2026-03-23 04:32:03 ERROR: [2] Undefined array key "user_name" in /Applications/XAMPP/xamppfiles/htdocs/PGConnect/owner/chat.php:210
2026-03-23 04:32:03 ERROR: [2] Undefined array key "user_name" in /Applications/XAMPP/xamppfiles/htdocs/PGConnect/owner/chat.php:210
2026-03-23 04:32:39 ERROR: [2] Undefined array key "user_name" in /Applications/XAMPP/xamppfiles/htdocs/PGConnect/owner/chat.php:210
