2026-02-08 09:01:19 LOGIN_ATTEMPT: admin@pgconnect.in
2026-02-08 09:01:32 LOGIN_ATTEMPT: aevlin@gmail.com
2026-02-08 09:06:18 LOGIN_ATTEMPT: aevlin@gmail.com
2026-02-08 09:24:10 LOGIN_ATTEMPT: aleena@gmail.com
2026-02-08 09:25:20 LOGIN_ATTEMPT: aevlin@gmail.com
2026-02-08 09:25:53 LOGIN_ATTEMPT: aleena@gmail.com
2026-02-08 09:36:33 LOGIN_ATTEMPT: aevlin@gmail.com
2026-02-08 09:36:44 LOGIN_ATTEMPT: aleena@gmail.com
2026-02-08 09:47:06 LOGIN_ATTEMPT: admin@pgconnect.in
2026-02-08 09:47:24 LOGIN_ATTEMPT: aleena@gmail.com
2026-02-08 09:49:58 LOGIN_ATTEMPT: aevlin@gmail.com
2026-02-08 09:57:31 LOGIN_ATTEMPT: aleena@gmail.com
2026-02-08 10:03:54 LOGIN_ATTEMPT: aleena@gmail.com
2026-02-08 10:09:15 LOGIN_ATTEMPT: aevlin@gmail.com
2026-02-08 10:39:45 LOGIN_ATTEMPT: aleena@gmail.com
2026-02-08 10:40:19 LOGIN_ATTEMPT: aevlin@gmail.com
2026-02-08 10:45:18 LOGIN_ATTEMPT: admin@pgconnect.in
2026-02-08 10:49:37 LOGIN_ATTEMPT: aleena@gmail.com
2026-02-08 11:23:20 LOGIN_ATTEMPT: aleena@gmail.com
2026-02-08 11:40:22 LOGIN_ATTEMPT: admin@pgconnect.in
2026-02-08 12:02:03 LOGIN_ATTEMPT: aevlin@gmail.com
2026-02-08 12:02:39 LOGIN_ATTEMPT: aleena@gmail.com
2026-02-08 12:30:32 LOGIN_ATTEMPT: admin@pgconnect.in
2026-02-08 12:31:13 LOGIN_ATTEMPT: aleena@gmail.com
2026-02-08 12:40:00 LOGIN_ATTEMPT: aevlin@gmail.com
2026-02-08 12:40:22 LOGIN_ATTEMPT: aevlin@gmail.com
2026-02-08 13:00:51 LOGIN_ATTEMPT: aleena@gmail.com
2026-02-08 13:15:17 LOGIN_ATTEMPT: admin@pgconnect.in
2026-02-08 13:15:30 LOGIN_ATTEMPT: aleena@gmail.com
2026-02-08 13:15:50 LOGIN_ATTEMPT: aevlin@gmail.com
2026-02-08 13:16:20 LOGIN_ATTEMPT: aleena@gmail.com
2026-02-09 07:42:19 LOGIN_ATTEMPT: sreya@gmail.com
2026-02-09 07:50:09 LOGIN_ATTEMPT: aleena@gmail.com
2026-02-09 07:50:52 LOGIN_ATTEMPT: aevlin@gmail.com
2026-02-09 07:51:08 LOGIN_ATTEMPT: admin@pgconnect.in
2026-02-09 07:51:43 LOGIN_ATTEMPT: aevlin@gmail.com
2026-02-12 06:48:19 LOGIN_ATTEMPT: aleena@gmail.com
2026-02-12 06:49:39 LOGIN_ATTEMPT: aevlin@gmail.com
2026-02-12 06:50:20 LOGIN_ATTEMPT: aleena@gmail.com
2026-02-12 07:10:15 LOGIN_ATTEMPT: aevlin@gmail.com
2026-02-12 07:12:33 LOGIN_ATTEMPT: aleena@gmail.com
2026-02-12 07:37:01 LOGIN_ATTEMPT: aevlin@gmail.com
2026-02-12 07:37:53 LOGIN_ATTEMPT: aleena@gmail.com
2026-02-12 07:39:49 LOGIN_ATTEMPT: admin@pgconnect.in
2026-02-12 07:43:48 LOGIN_ATTEMPT: emil@gmail.com
2026-02-12 08:15:51 LOGIN_ATTEMPT: aevlin@gmail.com
2026-02-12 09:02:42 LOGIN_ATTEMPT: admin@pgconnect.in
2026-02-12 09:12:01 LOGIN_ATTEMPT: aleena@gmail.com
2026-02-12 09:46:22 LOGIN_ATTEMPT: aevlin@gmail.com
2026-02-12 09:47:26 LOGIN_ATTEMPT: admin@pgconnect.in
2026-02-17 05:51:08 LOGIN_ATTEMPT: aleena@gmail.com
2026-02-19 05:22:42 LOGIN_ATTEMPT: aleena@gmail.com
2026-02-20 06:06:41 LOGIN_ATTEMPT: aleena@gmail.com
2026-02-24 05:41:37 LOGIN_ATTEMPT: aevlin@gmail.com
2026-03-17 15:20:33 LOGIN_ATTEMPT: admin@pgconnect.in
2026-03-17 15:21:27 LOGIN_ATTEMPT: aevlin@gmail.com
2026-03-17 15:23:22 LOGIN_ATTEMPT: tejas@gmail.com
2026-03-17 15:24:46 LOGIN_ATTEMPT: aevlin@gmail.com
2026-03-17 15:37:33 LOGIN_ATTEMPT: tejas@gmail.com
2026-03-17 16:18:02 LOGIN_ATTEMPT: aevlin@gmail.com
2026-03-17 16:18:55 LOGIN_ATTEMPT: tejas@gmail.com
2026-03-17 16:19:57 LOGIN_ATTEMPT: aleena@gmail.com
2026-03-17 17:58:04 LOGIN_ATTEMPT: aevlin@gmail.com
2026-03-18 04:03:28 LOGIN_ATTEMPT: prince@gmail.com
2026-03-18 04:09:23 LOGIN_ATTEMPT: admin@pgconnect.in
2026-03-18 04:11:33 LOGIN_ATTEMPT: aevlin@gmail.com
2026-03-18 04:27:09 LOGIN_ATTEMPT: aevlin@gmail.com
2026-03-18 04:27:20 LOGIN_ATTEMPT: admin@pgconnect.in
2026-03-18 05:11:11 LOGIN_ATTEMPT: aleena@gmail.com
2026-03-18 05:26:13 LOGIN_ATTEMPT: aevlin@gmail.com
2026-03-18 05:30:22 LOGIN_ATTEMPT: admin@pgconnect.in
2026-03-18 16:15:45 LOGIN_ATTEMPT: aleena@gmail.com
2026-03-18 16:16:14 LOGIN_ATTEMPT: aleena@gmail.com
2026-03-18 16:16:47 LOGIN_ATTEMPT: aevlin@gmail.com
2026-03-18 16:17:10 LOGIN_ATTEMPT: aleena@gmail.com
2026-03-18 16:17:43 LOGIN_ATTEMPT: aevlin@gmail.com
2026-03-18 16:18:15 LOGIN_ATTEMPT: aleena@gmail.com
2026-03-19 05:58:32 LOGIN_ATTEMPT: aevlin@gmail.com
2026-03-19 05:59:26 LOGIN_ATTEMPT: aleena@gmail.com
2026-03-19 05:59:44 LOGIN_ATTEMPT: aevlin@gmail.com
2026-03-19 06:00:08 LOGIN_ATTEMPT: aleena@gmail.com
2026-03-19 10:04:39 LOGIN_ATTEMPT: aevlin@gmail.com
2026-03-19 10:08:55 LOGIN_ATTEMPT: admin@pgconnect.in
2026-03-22 04:25:42 LOGIN_ATTEMPT: neha@gmail.com
2026-03-22 04:43:07 LOGIN_ATTEMPT: ann@gmail.com
2026-03-22 04:44:28 LOGIN_ATTEMPT: admin@pgconnect.in
2026-03-22 16:53:53 LOGIN_ATTEMPT: aevlin@gmail.com
2026-03-22 16:55:46 LOGIN_ATTEMPT: aevlin@gmail.com
2026-03-23 03:49:26 LOGIN_ATTEMPT: admin@pgconnect.in
2026-03-23 04:07:29 LOGIN_ATTEMPT: aleena@gmail.com
2026-03-23 04:08:13 LOGIN_ATTEMPT: aevlin@gmail.com
2026-03-23 04:08:19 LOGIN_ATTEMPT: aleena@gmail.com
2026-03-23 04:09:27 LOGIN_ATTEMPT: admin@pgconnect.in
2026-03-23 04:31:48 LOGIN_ATTEMPT: aevlin@gmail.com
2026-03-23 04:39:12 LOGIN_ATTEMPT: aevlin@gmail.com
2026-03-23 04:46:50 LOGIN_ATTEMPT: aleena@gmail.com
2026-03-23 04:47:28 LOGIN_ATTEMPT: aevlin@gmail.com
2026-03-23 04:48:18 LOGIN_ATTEMPT: aleena@gmail.com
2026-03-23 06:10:22 LOGIN_ATTEMPT: aevlin@gmail.com
2026-03-23 06:10:59 LOGIN_ATTEMPT: aleena@gmail.com
2026-03-23 06:14:09 LOGIN_ATTEMPT: admin@pgconnect.in
2026-03-23 06:14:20 LOGIN_ATTEMPT: as@gmail.com
2026-03-23 06:14:20 LOGIN_FAILED: as@gmail.com
2026-03-23 08:20:28 LOGIN_ATTEMPT: aevlin@gmail.com
2026-03-23 08:20:48 LOGIN_ATTEMPT: aleena@gmail.com
2026-03-23 08:51:56 LOGIN_ATTEMPT: admin@pgconnect.in
2026-03-23 08:52:20 LOGIN_ATTEMPT: sreya@gmail.com
2026-03-23 08:53:02 LOGIN_ATTEMPT: admin@pgconnect.in
2026-03-23 10:08:24 LOGIN_ATTEMPT: aleena@gmail.com
2026-03-23 10:10:14 LOGIN_ATTEMPT: aevlin@gmail.com
2026-03-23 10:10:33 LOGIN_ATTEMPT: aleena@gmail.com
2026-03-23 10:11:05 LOGIN_ATTEMPT: aevlin@gmail.com
2026-03-23 10:11:40 LOGIN_ATTEMPT: aleena@gmail.com
2026-03-23 10:12:19 LOGIN_ATTEMPT: admin@pgconnect.in
