2026-02-08 08:57:17 REQUEST: {"city":"kochi","sharing":"","gender":"any","budget":"","min_rent":"","max_rent":"","audience":"working"}
2026-02-08 09:00:25 REQUEST: {"city":"kochi","sharing":"","gender":"any","budget":"","min_rent":"","max_rent":"","audience":"working"}
2026-02-08 09:00:28 REQUEST: {"city":"Kochi"}
2026-02-08 09:00:58 REQUEST: {"city":"","sharing":"","gender":"any","budget":"","min_rent":"","max_rent":"","audience":"working"}
2026-02-08 09:03:03 REQUEST: {"city":"kochi","sharing":"","gender":"any","budget":"","min_rent":"","max_rent":"","audience":"working"}
2026-02-08 09:03:05 REQUEST: {"city":"Kochi"}
2026-02-08 09:03:06 REQUEST: {"city":"Kochi"}
2026-02-08 09:03:07 REQUEST: {"city":"Kochi"}
2026-02-08 09:03:07 REQUEST: {"city":"Kochi"}
2026-02-08 09:03:07 REQUEST: {"city":"Kochi"}
2026-02-08 09:03:08 REQUEST: {"city":"Kochi"}
2026-02-08 09:03:08 REQUEST: {"city":"Kochi"}
2026-02-08 09:03:08 REQUEST: {"city":"Kochi"}
2026-02-08 09:03:08 REQUEST: {"city":"Kochi"}
2026-02-08 09:03:08 REQUEST: {"city":"Kochi"}
2026-02-08 09:05:53 REQUEST: {"city":"Kochi","min_rent":"","max_rent":"","sharing":""}
2026-02-08 09:06:01 REQUEST: {"city":"kerala","min_rent":"","max_rent":"","sharing":""}
2026-02-08 09:06:10 REQUEST: {"city":"kochi","sharing":"","gender":"any","budget":"","min_rent":"","max_rent":"","audience":"working"}
2026-02-08 09:12:18 REQUEST: {"city":"amala hostel","sharing":"","gender":"any","budget":"","min_rent":"","max_rent":"","audience":"working"}
2026-02-08 09:23:49 REQUEST: {"city":"kochi","sharing":"","gender":"any","budget":"","min_rent":"","max_rent":"","audience":"working"}
2026-02-08 09:24:18 REQUEST: {"city":"amala hostel","sharing":"","gender":"any","budget":"","min_rent":"","max_rent":"","audience":"working"}
2026-02-08 09:26:05 REQUEST: {"city":"amala hostel","sharing":"","gender":"any","budget":"","min_rent":"","max_rent":"","audience":"working"}
2026-02-08 09:47:42 REQUEST: {"city":"amala hostel","sharing":"","gender":"any","budget":"","min_rent":"","max_rent":"","audience":"working"}
2026-02-08 09:49:40 REQUEST: {"city":"mumbai","sharing":"","gender":"any","budget":"","min_rent":"","max_rent":"","audience":"working"}
2026-02-08 10:04:55 REQUEST: {"city":"","sharing":"","gender":"any","budget":"","min_rent":"","max_rent":"","audience":"working"}
2026-02-08 11:08:35 REQUEST: {"city":"","sharing":"","gender":"any","budget":"","min_rent":"","max_rent":"","audience":"working"}
2026-02-08 11:17:17 REQUEST: {"city":"","sharing":"","gender":"any","budget":"","min_rent":"","max_rent":"","audience":"working"}
2026-02-08 11:19:44 REQUEST: {"city":"","sharing":"","gender":"any","budget":"","min_rent":"","max_rent":"","audience":"working"}
2026-02-08 11:23:07 REQUEST: {"city":"","sharing":"","gender":"any","budget":"","min_rent":"","max_rent":"","audience":"working"}
2026-02-08 11:49:30 REQUEST: {"city":"","sharing":"","gender":"any","budget":"","min_rent":"","max_rent":"","audience":"working"}
2026-02-08 11:49:35 REQUEST: {"page":"2"}
2026-02-08 11:49:46 REQUEST: {"city":"","sharing":"","gender":"any","budget":"","min_rent":"","max_rent":"","audience":"working"}
2026-02-08 11:57:22 REQUEST: {"city":"","sharing":"","gender":"any","budget":"","min_rent":"","max_rent":"","audience":"working"}
2026-02-08 12:06:54 REQUEST: {"city":"","sharing":"","gender":"any","budget":"","min_rent":"","max_rent":"","audience":"working"}
2026-02-08 12:07:16 REQUEST: {"city":"kochi","sharing":"","gender":"any","budget":"","min_rent":"","max_rent":"","audience":"working"}
2026-02-08 18:03:02 REQUEST: {"city":"","sharing":"","gender":"any","budget":"","min_rent":"","max_rent":"","audience":"working"}
2026-02-09 04:20:38 REQUEST: {"city":"","sharing":"","gender":"any","budget":"","min_rent":"","max_rent":"","audience":"working"}
2026-02-09 04:21:08 REQUEST: {"city":"","sharing":"","gender":"any","budget":"","min_rent":"","max_rent":"","audience":"working"}
2026-02-09 07:41:42 REQUEST: {"city":"kochi","sharing":"","gender":"any","budget":"","min_rent":"","max_rent":"","audience":"working"}
2026-02-09 07:41:46 REQUEST: {"page":"2","city":"kochi"}
2026-02-09 07:41:49 REQUEST: {"page":"3","city":"kochi"}
2026-02-09 07:50:23 REQUEST: {"city":"kochi","sharing":"","gender":"any","budget":"","min_rent":"","max_rent":"","audience":"working"}
2026-02-12 07:12:44 REQUEST: {"city":"amala hostel","sharing":"","gender":"any","budget":"","min_rent":"","max_rent":"","audience":"working"}
2026-02-12 07:13:36 REQUEST: {"city":"amala hostel","sharing":"","gender":"any","budget":"","min_rent":"","max_rent":"","audience":"working"}
2026-02-12 08:14:37 REQUEST: {"city":"kochi","sharing":"double","gender":"ladies","budget":"5000-10000","min_rent":"5000","max_rent":"10000","audience":"working"}
2026-02-20 05:57:12 REQUEST: {"city":"","sharing":"","gender":"any","budget":"","min_rent":"","max_rent":"","audience":"working"}
2026-02-20 06:06:29 REQUEST: {"city":"","sharing":"","gender":"any","budget":"","min_rent":"","max_rent":"","audience":"working"}
2026-02-20 06:09:10 REQUEST: {"city":"","sharing":"","gender":"any","budget":"","min_rent":"","max_rent":"","audience":"working"}
2026-02-20 06:09:36 REQUEST: {"city":"","sharing":"","gender":"any","budget":"","min_rent":"","max_rent":"","audience":"working"}
